2025-11-02T15:25:26.535-06:00  INFO 22354 --- [lmsProject] [main] c.e.lmsProject.LmsProjectApplication     : Starting LmsProjectApplication using Java 25 with PID 22354 (/Users/ritikkhokar/Desktop/lmsProject/build/classes/java/main started by ritikkhokar in /Users/ritikkhokar/Desktop/lmsProject)
2025-11-02T15:25:26.536-06:00 DEBUG 22354 --- [lmsProject] [main] c.e.lmsProject.LmsProjectApplication     : Running with Spring Boot v3.5.6, Spring v6.2.11
2025-11-02T15:25:26.536-06:00  INFO 22354 --- [lmsProject] [main] c.e.lmsProject.LmsProjectApplication     : No active profile set, falling back to 1 default profile: "default"
2025-11-02T15:25:26.823-06:00  INFO 22354 --- [lmsProject] [main] .s.d.r.c.RepositoryConfigurationDelegate : Bootstrapping Spring Data JPA repositories in DEFAULT mode.
2025-11-02T15:25:26.859-06:00  INFO 22354 --- [lmsProject] [main] .s.d.r.c.RepositoryConfigurationDelegate : Finished Spring Data repository scanning in 25 ms. Found 8 JPA repository interfaces.
2025-11-02T15:25:27.057-06:00  INFO 22354 --- [lmsProject] [main] o.s.b.w.embedded.tomcat.TomcatWebServer  : Tomcat initialized with port 8080 (http)
2025-11-02T15:25:27.063-06:00  INFO 22354 --- [lmsProject] [main] o.apache.catalina.core.StandardService   : Starting service [Tomcat]
2025-11-02T15:25:27.063-06:00  INFO 22354 --- [lmsProject] [main] o.apache.catalina.core.StandardEngine    : Starting Servlet engine: [Apache Tomcat/10.1.46]
2025-11-02T15:25:27.082-06:00  INFO 22354 --- [lmsProject] [main] o.a.c.c.C.[Tomcat].[localhost].[/]       : Initializing Spring embedded WebApplicationContext
2025-11-02T15:25:27.082-06:00  INFO 22354 --- [lmsProject] [main] w.s.c.ServletWebServerApplicationContext : Root WebApplicationContext: initialization completed in 521 ms
2025-11-02T15:25:27.151-06:00  INFO 22354 --- [lmsProject] [main] o.hibernate.jpa.internal.util.LogHelper  : HHH000204: Processing PersistenceUnitInfo [name: default]
2025-11-02T15:25:27.172-06:00  INFO 22354 --- [lmsProject] [main] org.hibernate.Version                    : HHH000412: Hibernate ORM core version 6.6.29.Final
2025-11-02T15:25:27.184-06:00  INFO 22354 --- [lmsProject] [main] o.h.c.internal.RegionFactoryInitiator    : HHH000026: Second-level cache disabled
2025-11-02T15:25:27.314-06:00  INFO 22354 --- [lmsProject] [main] o.s.o.j.p.SpringPersistenceUnitInfo      : No LoadTimeWeaver setup: ignoring JPA class transformer
2025-11-02T15:25:27.326-06:00  INFO 22354 --- [lmsProject] [main] com.zaxxer.hikari.HikariDataSource       : HikariPool-1 - Starting...
2025-11-02T15:25:27.518-06:00  INFO 22354 --- [lmsProject] [main] com.zaxxer.hikari.pool.HikariPool        : HikariPool-1 - Added connection com.mysql.cj.jdbc.ConnectionImpl@31b6b0c7
2025-11-02T15:25:27.519-06:00  INFO 22354 --- [lmsProject] [main] com.zaxxer.hikari.HikariDataSource       : HikariPool-1 - Start completed.
2025-11-02T15:25:27.562-06:00  WARN 22354 --- [lmsProject] [main] org.hibernate.orm.deprecation            : HHH90000025: MySQL8Dialect does not need to be specified explicitly using 'hibernate.dialect' (remove the property setting and it will be selected by default)
2025-11-02T15:25:27.563-06:00  WARN 22354 --- [lmsProject] [main] org.hibernate.orm.deprecation            : HHH90000026: MySQL8Dialect has been deprecated; use org.hibernate.dialect.MySQLDialect instead
2025-11-02T15:25:27.569-06:00  INFO 22354 --- [lmsProject] [main] org.hibernate.orm.connections.pooling    : HHH10001005: Database info:
	Database JDBC URL [Connecting through datasource 'HikariDataSource (HikariPool-1)']
	Database driver: undefined/unknown
	Database version: 8.0
	Autocommit mode: undefined/unknown
	Isolation level: undefined/unknown
	Minimum pool size: undefined/unknown
	Maximum pool size: undefined/unknown
2025-11-02T15:25:27.903-06:00  INFO 22354 --- [lmsProject] [main] o.h.e.t.j.p.i.JtaPlatformInitiator       : HHH000489: No JTA platform available (set 'hibernate.transaction.jta.platform' to enable JTA platform integration)
2025-11-02T15:25:27.943-06:00  INFO 22354 --- [lmsProject] [main] j.LocalContainerEntityManagerFactoryBean : Initialized JPA EntityManagerFactory for persistence unit 'default'
2025-11-02T15:25:28.106-06:00  WARN 22354 --- [lmsProject] [main] JpaBaseConfiguration$JpaWebConfiguration : spring.jpa.open-in-view is enabled by default. Therefore, database queries may be performed during view rendering. Explicitly configure spring.jpa.open-in-view to disable this warning
2025-11-02T15:25:28.181-06:00  WARN 22354 --- [lmsProject] [main] .s.s.UserDetailsServiceAutoConfiguration : 

Using generated security password: 701b484d-01ab-409c-bd6e-2aafa908fd61

This generated password is for development use only. Your security configuration must be updated before running your application in production.

2025-11-02T15:25:28.184-06:00  INFO 22354 --- [lmsProject] [main] r$InitializeUserDetailsManagerConfigurer : Global AuthenticationManager configured with UserDetailsService bean with name inMemoryUserDetailsManager
2025-11-02T15:25:28.281-06:00  INFO 22354 --- [lmsProject] [main] o.s.b.w.embedded.tomcat.TomcatWebServer  : Tomcat started on port 8080 (http) with context path '/'
2025-11-02T15:25:28.285-06:00  INFO 22354 --- [lmsProject] [main] c.e.lmsProject.LmsProjectApplication     : Started LmsProjectApplication in 1.935 seconds (process running for 2.076)
2025-11-02T15:25:46.194-06:00  INFO 22354 --- [lmsProject] [http-nio-8080-exec-1] o.a.c.c.C.[Tomcat].[localhost].[/]       : Initializing Spring DispatcherServlet 'dispatcherServlet'
2025-11-02T15:25:46.195-06:00  INFO 22354 --- [lmsProject] [http-nio-8080-exec-1] o.s.web.servlet.DispatcherServlet        : Initializing Servlet 'dispatcherServlet'
2025-11-02T15:25:46.196-06:00  INFO 22354 --- [lmsProject] [http-nio-8080-exec-1] o.s.web.servlet.DispatcherServlet        : Completed initialization in 1 ms
2025-11-02T15:25:46.245-06:00  INFO 22354 --- [lmsProject] [http-nio-8080-exec-1] c.e.l.Controller.AuthController          : request reached successfully
2025-11-02T15:39:49.302-06:00  WARN 22354 --- [lmsProject] [HikariPool-1:housekeeper] com.zaxxer.hikari.pool.HikariPool        : HikariPool-1 - Thread starvation or clock leap detected (housekeeper delta=3m51s574ms).
2025-11-02T15:43:04.113-06:00  INFO 22354 --- [lmsProject] [SpringApplicationShutdownHook] o.s.b.w.e.tomcat.GracefulShutdown        : Commencing graceful shutdown. Waiting for active requests to complete
2025-11-02T15:43:04.122-06:00  INFO 22354 --- [lmsProject] [tomcat-shutdown] o.s.b.w.e.tomcat.GracefulShutdown        : Graceful shutdown complete
2025-11-02T15:43:04.128-06:00  INFO 22354 --- [lmsProject] [SpringApplicationShutdownHook] j.LocalContainerEntityManagerFactoryBean : Closing JPA EntityManagerFactory for persistence unit 'default'
2025-11-02T15:43:04.134-06:00  INFO 22354 --- [lmsProject] [SpringApplicationShutdownHook] com.zaxxer.hikari.HikariDataSource       : HikariPool-1 - Shutdown initiated...
2025-11-02T15:43:04.149-06:00  INFO 22354 --- [lmsProject] [SpringApplicationShutdownHook] com.zaxxer.hikari.HikariDataSource       : HikariPool-1 - Shutdown completed.
2025-11-02T15:43:05.446-06:00  INFO 22731 --- [lmsProject] [main] c.e.lmsProject.LmsProjectApplication     : Starting LmsProjectApplication using Java 25 with PID 22731 (/Users/ritikkhokar/Desktop/lmsProject/build/classes/java/main started by ritikkhokar in /Users/ritikkhokar/Desktop/lmsProject)
2025-11-02T15:43:05.447-06:00 DEBUG 22731 --- [lmsProject] [main] c.e.lmsProject.LmsProjectApplication     : Running with Spring Boot v3.5.6, Spring v6.2.11
2025-11-02T15:43:05.447-06:00  INFO 22731 --- [lmsProject] [main] c.e.lmsProject.LmsProjectApplication     : No active profile set, falling back to 1 default profile: "default"
2025-11-02T15:43:05.714-06:00  INFO 22731 --- [lmsProject] [main] .s.d.r.c.RepositoryConfigurationDelegate : Bootstrapping Spring Data JPA repositories in DEFAULT mode.
2025-11-02T15:43:05.744-06:00  INFO 22731 --- [lmsProject] [main] .s.d.r.c.RepositoryConfigurationDelegate : Finished Spring Data repository scanning in 25 ms. Found 8 JPA repository interfaces.
2025-11-02T15:43:05.967-06:00  INFO 22731 --- [lmsProject] [main] o.s.b.w.embedded.tomcat.TomcatWebServer  : Tomcat initialized with port 8080 (http)
2025-11-02T15:43:05.974-06:00  INFO 22731 --- [lmsProject] [main] o.apache.catalina.core.StandardService   : Starting service [Tomcat]
2025-11-02T15:43:05.974-06:00  INFO 22731 --- [lmsProject] [main] o.apache.catalina.core.StandardEngine    : Starting Servlet engine: [Apache Tomcat/10.1.46]
2025-11-02T15:43:05.999-06:00  INFO 22731 --- [lmsProject] [main] o.a.c.c.C.[Tomcat].[localhost].[/]       : Initializing Spring embedded WebApplicationContext
2025-11-02T15:43:05.999-06:00  INFO 22731 --- [lmsProject] [main] w.s.c.ServletWebServerApplicationContext : Root WebApplicationContext: initialization completed in 530 ms
2025-11-02T15:43:06.071-06:00  INFO 22731 --- [lmsProject] [main] o.hibernate.jpa.internal.util.LogHelper  : HHH000204: Processing PersistenceUnitInfo [name: default]
2025-11-02T15:43:06.093-06:00  INFO 22731 --- [lmsProject] [main] org.hibernate.Version                    : HHH000412: Hibernate ORM core version 6.6.29.Final
2025-11-02T15:43:06.105-06:00  INFO 22731 --- [lmsProject] [main] o.h.c.internal.RegionFactoryInitiator    : HHH000026: Second-level cache disabled
2025-11-02T15:43:06.221-06:00  INFO 22731 --- [lmsProject] [main] o.s.o.j.p.SpringPersistenceUnitInfo      : No LoadTimeWeaver setup: ignoring JPA class transformer
2025-11-02T15:43:06.232-06:00  INFO 22731 --- [lmsProject] [main] com.zaxxer.hikari.HikariDataSource       : HikariPool-1 - Starting...
2025-11-02T15:43:06.431-06:00  INFO 22731 --- [lmsProject] [main] com.zaxxer.hikari.pool.HikariPool        : HikariPool-1 - Added connection com.mysql.cj.jdbc.ConnectionImpl@50b4364
2025-11-02T15:43:06.431-06:00  INFO 22731 --- [lmsProject] [main] com.zaxxer.hikari.HikariDataSource       : HikariPool-1 - Start completed.
2025-11-02T15:43:06.462-06:00  WARN 22731 --- [lmsProject] [main] org.hibernate.orm.deprecation            : HHH90000025: MySQL8Dialect does not need to be specified explicitly using 'hibernate.dialect' (remove the property setting and it will be selected by default)
2025-11-02T15:43:06.462-06:00  WARN 22731 --- [lmsProject] [main] org.hibernate.orm.deprecation            : HHH90000026: MySQL8Dialect has been deprecated; use org.hibernate.dialect.MySQLDialect instead
2025-11-02T15:43:06.468-06:00  INFO 22731 --- [lmsProject] [main] org.hibernate.orm.connections.pooling    : HHH10001005: Database info:
	Database JDBC URL [Connecting through datasource 'HikariDataSource (HikariPool-1)']
	Database driver: undefined/unknown
	Database version: 8.0
	Autocommit mode: undefined/unknown
	Isolation level: undefined/unknown
	Minimum pool size: undefined/unknown
	Maximum pool size: undefined/unknown
2025-11-02T15:43:06.811-06:00  INFO 22731 --- [lmsProject] [main] o.h.e.t.j.p.i.JtaPlatformInitiator       : HHH000489: No JTA platform available (set 'hibernate.transaction.jta.platform' to enable JTA platform integration)
2025-11-02T15:43:06.844-06:00  INFO 22731 --- [lmsProject] [main] j.LocalContainerEntityManagerFactoryBean : Initialized JPA EntityManagerFactory for persistence unit 'default'
2025-11-02T15:43:07.022-06:00  WARN 22731 --- [lmsProject] [main] JpaBaseConfiguration$JpaWebConfiguration : spring.jpa.open-in-view is enabled by default. Therefore, database queries may be performed during view rendering. Explicitly configure spring.jpa.open-in-view to disable this warning
2025-11-02T15:43:07.104-06:00  WARN 22731 --- [lmsProject] [main] .s.s.UserDetailsServiceAutoConfiguration : 

Using generated security password: 9004ab41-90e6-4184-b63c-303e8816fe2f

This generated password is for development use only. Your security configuration must be updated before running your application in production.

2025-11-02T15:43:07.107-06:00  INFO 22731 --- [lmsProject] [main] r$InitializeUserDetailsManagerConfigurer : Global AuthenticationManager configured with UserDetailsService bean with name inMemoryUserDetailsManager
2025-11-02T15:43:07.207-06:00  INFO 22731 --- [lmsProject] [main] o.s.b.w.embedded.tomcat.TomcatWebServer  : Tomcat started on port 8080 (http) with context path '/'
2025-11-02T15:43:07.211-06:00  INFO 22731 --- [lmsProject] [main] c.e.lmsProject.LmsProjectApplication     : Started LmsProjectApplication in 1.973 seconds (process running for 2.145)
2025-11-02T15:44:46.549-06:00  INFO 22731 --- [lmsProject] [http-nio-8080-exec-1] o.a.c.c.C.[Tomcat].[localhost].[/]       : Initializing Spring DispatcherServlet 'dispatcherServlet'
2025-11-02T15:44:46.550-06:00  INFO 22731 --- [lmsProject] [http-nio-8080-exec-1] o.s.web.servlet.DispatcherServlet        : Initializing Servlet 'dispatcherServlet'
2025-11-02T15:44:46.553-06:00  INFO 22731 --- [lmsProject] [http-nio-8080-exec-1] o.s.web.servlet.DispatcherServlet        : Completed initialization in 3 ms
2025-11-02T15:44:46.613-06:00  INFO 22731 --- [lmsProject] [http-nio-8080-exec-1] c.e.l.Controller.AuthController          : request reached successfully
2025-11-02T15:45:34.429-06:00  INFO 22731 --- [lmsProject] [http-nio-8080-exec-3] c.e.l.Controller.AuthController          : request reached successfully
2025-11-02T16:05:53.339-06:00  INFO 22731 --- [lmsProject] [SpringApplicationShutdownHook] o.s.b.w.e.tomcat.GracefulShutdown        : Commencing graceful shutdown. Waiting for active requests to complete
2025-11-02T16:05:53.347-06:00  INFO 22731 --- [lmsProject] [tomcat-shutdown] o.s.b.w.e.tomcat.GracefulShutdown        : Graceful shutdown complete
2025-11-02T16:05:53.352-06:00  INFO 22731 --- [lmsProject] [SpringApplicationShutdownHook] j.LocalContainerEntityManagerFactoryBean : Closing JPA EntityManagerFactory for persistence unit 'default'
2025-11-02T16:05:53.354-06:00  INFO 22731 --- [lmsProject] [SpringApplicationShutdownHook] com.zaxxer.hikari.HikariDataSource       : HikariPool-1 - Shutdown initiated...
2025-11-02T16:05:53.359-06:00  INFO 22731 --- [lmsProject] [SpringApplicationShutdownHook] com.zaxxer.hikari.HikariDataSource       : HikariPool-1 - Shutdown completed.
2025-11-02 16:09:06 [main] INFO  c.e.lmsProject.LmsProjectApplication - Starting LmsProjectApplication using Java 25 with PID 23282 (/Users/ritikkhokar/Desktop/lmsProject/build/classes/java/main started by ritikkhokar in /Users/ritikkhokar/Desktop/lmsProject)
2025-11-02 16:09:06 [main] DEBUG c.e.lmsProject.LmsProjectApplication - Running with Spring Boot v3.5.6, Spring v6.2.11
2025-11-02 16:09:06 [main] INFO  c.e.lmsProject.LmsProjectApplication - No active profile set, falling back to 1 default profile: "default"
2025-11-02 16:09:06 [main] INFO  o.s.d.r.c.RepositoryConfigurationDelegate - Bootstrapping Spring Data JPA repositories in DEFAULT mode.
2025-11-02 16:09:06 [main] INFO  o.s.d.r.c.RepositoryConfigurationDelegate - Finished Spring Data repository scanning in 26 ms. Found 8 JPA repository interfaces.
2025-11-02 16:09:06 [main] INFO  o.s.b.w.e.tomcat.TomcatWebServer - Tomcat initialized with port 8080 (http)
2025-11-02 16:09:06 [main] INFO  o.a.coyote.http11.Http11NioProtocol - Initializing ProtocolHandler ["http-nio-8080"]
2025-11-02 16:09:06 [main] INFO  o.a.catalina.core.StandardService - Starting service [Tomcat]
2025-11-02 16:09:06 [main] INFO  o.a.catalina.core.StandardEngine - Starting Servlet engine: [Apache Tomcat/10.1.46]
2025-11-02 16:09:06 [main] INFO  o.a.c.c.C.[Tomcat].[localhost].[/] - Initializing Spring embedded WebApplicationContext
2025-11-02 16:09:06 [main] INFO  o.s.b.w.s.c.ServletWebServerApplicationContext - Root WebApplicationContext: initialization completed in 532 ms
2025-11-02 16:09:06 [main] INFO  o.h.jpa.internal.util.LogHelper - HHH000204: Processing PersistenceUnitInfo [name: default]
2025-11-02 16:09:06 [main] INFO  org.hibernate.Version - HHH000412: Hibernate ORM core version 6.6.29.Final
2025-11-02 16:09:06 [main] INFO  o.h.c.i.RegionFactoryInitiator - HHH000026: Second-level cache disabled
2025-11-02 16:09:06 [main] INFO  o.s.o.j.p.SpringPersistenceUnitInfo - No LoadTimeWeaver setup: ignoring JPA class transformer
2025-11-02 16:09:06 [main] INFO  com.zaxxer.hikari.HikariDataSource - HikariPool-1 - Starting...
2025-11-02 16:09:07 [main] INFO  com.zaxxer.hikari.pool.HikariPool - HikariPool-1 - Added connection com.mysql.cj.jdbc.ConnectionImpl@2b2b7e3c
2025-11-02 16:09:07 [main] INFO  com.zaxxer.hikari.HikariDataSource - HikariPool-1 - Start completed.
2025-11-02 16:09:07 [main] WARN  org.hibernate.orm.deprecation - HHH90000025: MySQL8Dialect does not need to be specified explicitly using 'hibernate.dialect' (remove the property setting and it will be selected by default)
2025-11-02 16:09:07 [main] WARN  org.hibernate.orm.deprecation - HHH90000026: MySQL8Dialect has been deprecated; use org.hibernate.dialect.MySQLDialect instead
2025-11-02 16:09:07 [main] INFO  o.hibernate.orm.connections.pooling - HHH10001005: Database info:
	Database JDBC URL [Connecting through datasource 'HikariDataSource (HikariPool-1)']
	Database driver: undefined/unknown
	Database version: 8.0
	Autocommit mode: undefined/unknown
	Isolation level: undefined/unknown
	Minimum pool size: undefined/unknown
	Maximum pool size: undefined/unknown
2025-11-02 16:09:07 [main] INFO  o.h.e.t.j.p.i.JtaPlatformInitiator - HHH000489: No JTA platform available (set 'hibernate.transaction.jta.platform' to enable JTA platform integration)
2025-11-02 16:09:07 [main] INFO  o.s.o.j.LocalContainerEntityManagerFactoryBean - Initialized JPA EntityManagerFactory for persistence unit 'default'
2025-11-02 16:09:07 [main] WARN  o.s.b.a.o.j.JpaBaseConfiguration$JpaWebConfiguration - spring.jpa.open-in-view is enabled by default. Therefore, database queries may be performed during view rendering. Explicitly configure spring.jpa.open-in-view to disable this warning
2025-11-02 16:09:07 [main] WARN  o.s.b.a.s.s.UserDetailsServiceAutoConfiguration - 

Using generated security password: 1aa0814a-d366-44a6-bf86-873512bf65fc

This generated password is for development use only. Your security configuration must be updated before running your application in production.

2025-11-02 16:09:07 [main] INFO  o.s.s.c.a.a.c.InitializeUserDetailsBeanManagerConfigurer$InitializeUserDetailsManagerConfigurer - Global AuthenticationManager configured with UserDetailsService bean with name inMemoryUserDetailsManager
2025-11-02 16:09:07 [main] INFO  o.a.coyote.http11.Http11NioProtocol - Starting ProtocolHandler ["http-nio-8080"]
2025-11-02 16:09:08 [main] INFO  o.s.b.w.e.tomcat.TomcatWebServer - Tomcat started on port 8080 (http) with context path '/'
2025-11-02 16:09:08 [main] INFO  c.e.lmsProject.LmsProjectApplication - Started LmsProjectApplication in 2.056 seconds (process running for 2.215)
